<?xml version="1.0" encoding="UTF-8"?>
<testng-results ignored="0" total="2" passed="2" failed="0" skipped="0">
  <reporter-output>
  </reporter-output>
  <suite started-at="2023-03-31T12:58:17 IST" name="OpencartSuite" finished-at="2023-03-31T12:58:31 IST" duration-ms="14339">
    <groups>
      <group name="Master">
        <method signature="TC_001_AccountRegistrationTest.test_account_Registration()[pri:0, instance:testCases.TC_001_AccountRegistrationTest@35cabb2a]" name="test_account_Registration" class="testCases.TC_001_AccountRegistrationTest"/>
        <method signature="TC_002_LoginTest.test_Login()[pri:0, instance:testCases.TC_002_LoginTest@223d2c72]" name="test_Login" class="testCases.TC_002_LoginTest"/>
      </group> <!-- Master -->
      <group name="Sanity">
        <method signature="TC_002_LoginTest.test_Login()[pri:0, instance:testCases.TC_002_LoginTest@223d2c72]" name="test_Login" class="testCases.TC_002_LoginTest"/>
      </group> <!-- Sanity -->
      <group name="Regression">
        <method signature="TC_001_AccountRegistrationTest.test_account_Registration()[pri:0, instance:testCases.TC_001_AccountRegistrationTest@35cabb2a]" name="test_account_Registration" class="testCases.TC_001_AccountRegistrationTest"/>
      </group> <!-- Regression -->
    </groups>
    <test started-at="2023-03-31T12:58:17 IST" name="OpencartTest" finished-at="2023-03-31T12:58:31 IST" duration-ms="14339">
      <class name="testCases.TC_001_AccountRegistrationTest">
        <test-method is-config="true" signature="setup(java.lang.String)[pri:0, instance:testCases.TC_001_AccountRegistrationTest@35cabb2a]" started-at="2023-03-31T12:58:17 IST" name="setup" finished-at="2023-03-31T12:58:21 IST" duration-ms="4157" status="PASS">
          <params>
            <param index="0">
              <value>
                <![CDATA[chrome]]>
              </value>
            </param>
          </params>
          <reporter-output>
          </reporter-output>
        </test-method> <!-- setup -->
        <test-method signature="test_account_Registration()[pri:0, instance:testCases.TC_001_AccountRegistrationTest@35cabb2a]" started-at="2023-03-31T12:58:21 IST" name="test_account_Registration" finished-at="2023-03-31T12:58:28 IST" duration-ms="6091" status="PASS">
          <reporter-output>
          </reporter-output>
        </test-method> <!-- test_account_Registration -->
        <test-method is-config="true" signature="teadDown()[pri:0, instance:testCases.TC_001_AccountRegistrationTest@35cabb2a]" started-at="2023-03-31T12:58:28 IST" name="teadDown" finished-at="2023-03-31T12:58:28 IST" duration-ms="206" status="PASS">
          <reporter-output>
          </reporter-output>
        </test-method> <!-- teadDown -->
      </class> <!-- testCases.TC_001_AccountRegistrationTest -->
      <class name="testCases.TC_002_LoginTest">
        <test-method is-config="true" signature="setup(java.lang.String)[pri:0, instance:testCases.TC_002_LoginTest@223d2c72]" started-at="2023-03-31T12:58:28 IST" name="setup" finished-at="2023-03-31T12:58:29 IST" duration-ms="1733" status="PASS">
          <params>
            <param index="0">
              <value>
                <![CDATA[chrome]]>
              </value>
            </param>
          </params>
          <reporter-output>
          </reporter-output>
        </test-method> <!-- setup -->
        <test-method signature="test_Login()[pri:0, instance:testCases.TC_002_LoginTest@223d2c72]" started-at="2023-03-31T12:58:29 IST" name="test_Login" finished-at="2023-03-31T12:58:31 IST" duration-ms="1446" status="PASS">
          <reporter-output>
          </reporter-output>
        </test-method> <!-- test_Login -->
        <test-method is-config="true" signature="teadDown()[pri:0, instance:testCases.TC_002_LoginTest@223d2c72]" started-at="2023-03-31T12:58:31 IST" name="teadDown" finished-at="2023-03-31T12:58:31 IST" duration-ms="241" status="PASS">
          <reporter-output>
          </reporter-output>
        </test-method> <!-- teadDown -->
      </class> <!-- testCases.TC_002_LoginTest -->
    </test> <!-- OpencartTest -->
  </suite> <!-- OpencartSuite -->
</testng-results>
